{"total": {"lines":{"total":154,"covered":154,"skipped":0,"pct":100},"statements":{"total":154,"covered":154,"skipped":0,"pct":100},"functions":{"total":7,"covered":7,"skipped":0,"pct":100},"branches":{"total":49,"covered":35,"skipped":0,"pct":71.42},"branchesTrue":{"total":0,"covered":0,"skipped":0,"pct":"Unknown"}}
,"C:\\Development\\SEO-workflow\\src\\utils\\createDefaultArtifacts.ts": {"lines":{"total":75,"covered":75,"skipped":0,"pct":100},"functions":{"total":2,"covered":2,"skipped":0,"pct":100},"statements":{"total":75,"covered":75,"skipped":0,"pct":100},"branches":{"total":21,"covered":14,"skipped":0,"pct":66.66}}
,"C:\\Development\\SEO-workflow\\src\\utils\\exportCategory.ts": {"lines":{"total":33,"covered":33,"skipped":0,"pct":100},"functions":{"total":2,"covered":2,"skipped":0,"pct":100},"statements":{"total":33,"covered":33,"skipped":0,"pct":100},"branches":{"total":7,"covered":7,"skipped":0,"pct":100}}
,"C:\\Development\\SEO-workflow\\src\\utils\\replacePlaceholders.ts": {"lines":{"total":46,"covered":46,"skipped":0,"pct":100},"functions":{"total":3,"covered":3,"skipped":0,"pct":100},"statements":{"total":46,"covered":46,"skipped":0,"pct":100},"branches":{"total":21,"covered":14,"skipped":0,"pct":66.66}}
}
